[2021-05-25 15:28:47:812 :default:8701:] [U: T:] [INFO] DartBootApplication: Start to scan annotated classes in application...
[2021-05-25 15:28:47:817 :default:8701:] [U: T:] [INFO] DartBootApplication: Dynamic class -> [BuildContext] loaded.
[2021-05-25 15:28:47:817 :default:8701:] [U: T:] [INFO] ClickHouseDataBase: Start to connect clickhouse client to server:[192.168.1.225:8123]...
[2021-05-25 15:28:47:817 :default:8701:] [U: T:] [INFO] ClickHouseDataBase: Start to connect clickhouse client to server:[192.168.1.225:8123]...
[2021-05-25 15:28:47:817 :default:8701:] [U: T:] [INFO] DartBootApplication: RestController scan finished. Total 1 controllers.
[2021-05-25 15:28:47:817 :default:8701:] [U: T:] [INFO] DartBootApplication: RestController: Symbol("EurekaClientEndpoint") registered.
[2021-05-25 15:28:47:817 :default:8701:] [U: T:] [INFO] DartBootApplication: All annotated classes scanned.
[2021-05-25 15:28:47:818 :default:8701:] [U: T:] [INFO] HttpServer: Bind api:[GET /health] to controller:[Symbol("EurekaClientEndpoint")]
[2021-05-25 15:28:47:818 :default:8701:] [U: T:] [INFO] HttpServer: Bind api:[POST /shutdown] to controller:[Symbol("EurekaClientEndpoint")]
[2021-05-25 15:28:47:818 :default:8701:] [U: T:] [INFO] HttpServer: Bind api:[POST /register] to controller:[Symbol("EurekaClientEndpoint")]
[2021-05-25 15:28:47:818 :default:8701:] [U: T:] [INFO] HttpServer: Start to bind http server to local host...
[2021-05-25 15:28:47:818 :default:8701:] [U: T:] [INFO] HttpServer: Server started on port:8701 and context path:[/dartboot].
[2021-05-25 15:28:47:818 :default:8701:] [U: T:] [INFO] DartBootApplication: Application startup completed.
[2021-05-25 15:28:47:899 :default:8701:] [U: T:] [INFO] ClickHouseDataBase: Clickhouse client connected to server:[192.168.1.225:8123] success.
[2021-05-25 15:28:47:900 :default:8701:] [U: T:] [INFO] ClickHouseDataBase: Clickhouse client connected to server:[192.168.1.225:8123] success.
[2021-05-25 15:29:31:841 :default:8701:] [U: T:] [INFO] DartBootApplication: Start to scan annotated classes in application...
[2021-05-25 15:29:31:846 :default:8701:] [U: T:] [INFO] DartBootApplication: Dynamic class -> [BuildContext] loaded.
[2021-05-25 15:29:31:846 :default:8701:] [U: T:] [INFO] DartBootApplication: RestController scan finished. Total 0 controllers.
[2021-05-25 15:29:31:846 :default:8701:] [U: T:] [INFO] DartBootApplication: All annotated classes scanned.
[2021-05-25 15:29:31:846 :default:8701:] [U: T:] [INFO] HttpServer: Start to bind http server to local host...
[2021-05-25 15:29:31:846 :default:8701:] [U: T:] [INFO] HttpServer: Server started on port:8701 and context path:[/dartboot].
[2021-05-25 15:29:31:846 :default:8701:] [U: T:] [INFO] DartBootApplication: Application startup completed.
[2021-05-25 15:30:14:030 :default:8701:] [U: T:] [INFO] DartBootApplication: Start to scan annotated classes in application...
[2021-05-25 15:30:14:034 :default:8701:] [U: T:] [INFO] DartBootApplication: Dynamic class -> [BuildContext] loaded.
[2021-05-25 15:30:14:034 :default:8701:] [U: T:] [INFO] DartBootApplication: RestController scan finished. Total 0 controllers.
[2021-05-25 15:30:14:034 :default:8701:] [U: T:] [INFO] DartBootApplication: All annotated classes scanned.
[2021-05-25 15:30:14:035 :default:8701:] [U: T:] [INFO] HttpServer: Start to bind http server to local host...
[2021-05-25 15:30:14:035 :default:8701:] [U: T:] [INFO] HttpServer: Server started on port:8701 and context path:[/dartboot].
[2021-05-25 15:30:14:035 :default:8701:] [U: T:] [INFO] DartBootApplication: Application startup completed.
[2021-05-25 15:30:23:243 :default:8701:] [U: T:] [INFO] DartBootApplication: Start to scan annotated classes in application...
[2021-05-25 15:30:23:248 :default:8701:] [U: T:] [INFO] DartBootApplication: Dynamic class -> [BuildContext] loaded.
[2021-05-25 15:30:23:248 :default:8701:] [U: T:] [INFO] DartBootApplication: RestController scan finished. Total 0 controllers.
[2021-05-25 15:30:23:248 :default:8701:] [U: T:] [INFO] DartBootApplication: All annotated classes scanned.
[2021-05-25 15:30:23:248 :default:8701:] [U: T:] [INFO] HttpServer: Start to bind http server to local host...
[2021-05-25 15:30:23:248 :default:8701:] [U: T:] [INFO] HttpServer: Server started on port:8701 and context path:[/dartboot].
[2021-05-25 15:30:23:248 :default:8701:] [U: T:] [INFO] DartBootApplication: Application startup completed.
[2021-05-25 15:30:46:201 :default:8701:] [U: T:] [INFO] DartBootApplication: Start to scan annotated classes in application...
[2021-05-25 15:30:46:206 :default:8701:] [U: T:] [INFO] DartBootApplication: Dynamic class -> [BuildContext] loaded.
[2021-05-25 15:30:46:206 :default:8701:] [U: T:] [INFO] DartBootApplication: RestController scan finished. Total 0 controllers.
[2021-05-25 15:30:46:206 :default:8701:] [U: T:] [INFO] DartBootApplication: All annotated classes scanned.
[2021-05-25 15:30:46:206 :default:8701:] [U: T:] [INFO] HttpServer: Start to bind http server to local host...
[2021-05-25 15:30:46:206 :default:8701:] [U: T:] [INFO] HttpServer: Server started on port:8701 and context path:[/dartboot].
[2021-05-25 15:30:46:207 :default:8701:] [U: T:] [INFO] DartBootApplication: Application startup completed.
[2021-05-25 15:31:25:518 :default:8701:] [U: T:] [INFO] DartBootApplication: Start to scan annotated classes in application...
[2021-05-25 15:31:25:524 :default:8701:] [U: T:] [INFO] DartBootApplication: Dynamic class -> [BuildContext] loaded.
[2021-05-25 15:31:25:524 :default:8701:] [U: T:] [INFO] ClickHouseDataBase: Start to connect clickhouse client to server:[192.168.1.225:8123]...
[2021-05-25 15:31:25:524 :default:8701:] [U: T:] [INFO] DartBootApplication: RestController scan finished. Total 0 controllers.
[2021-05-25 15:31:25:524 :default:8701:] [U: T:] [INFO] DartBootApplication: All annotated classes scanned.
[2021-05-25 15:31:25:524 :default:8701:] [U: T:] [INFO] HttpServer: Start to bind http server to local host...
[2021-05-25 15:31:25:524 :default:8701:] [U: T:] [INFO] HttpServer: Server started on port:8701 and context path:[/dartboot].
[2021-05-25 15:31:25:524 :default:8701:] [U: T:] [INFO] DartBootApplication: Application startup completed.
[2021-05-25 15:31:25:610 :default:8701:] [U: T:] [INFO] ClickHouseDataBase: Clickhouse client connected to server:[192.168.1.225:8123] success.
